2019-01-17 17:42:09,267 crawlerallshequdeal2.py [line:227] wendao INFO wrong div --1781--101100616367--https://bj.lianjia.com/chengjiao/101100616367.html
2019-01-17 17:51:46,871 crawlerallshequdeal2.py [line:227] wendao INFO wrong div --2725--101103243417--https://bj.lianjia.com/chengjiao/101103243417.html
2019-01-17 18:15:04,069 crawlerallshequdeal2.py [line:227] wendao INFO wrong div --5047--101103178292--https://bj.lianjia.com/chengjiao/101103178292.html
2019-01-17 18:29:27,262 crawlerallshequdeal2.py [line:227] wendao INFO wrong div --6441--101103309838--https://bj.lianjia.com/chengjiao/101103309838.html
2019-01-17 19:13:34,767 crawlerallshequdeal2.py [line:227] wendao INFO wrong div --10716--101102591009--https://bj.lianjia.com/chengjiao/101102591009.html
2019-01-17 20:24:33,812 crawlerallshequdeal2.py [line:227] wendao INFO wrong div --1781--101100616367--https://bj.lianjia.com/chengjiao/101100616367.html
2019-01-17 20:24:35,955 crawlerallshequdeal2.py [line:227] wendao INFO wrong div --2725--101103243417--https://bj.lianjia.com/chengjiao/101103243417.html
2019-01-17 20:24:36,933 crawlerallshequdeal2.py [line:227] wendao INFO wrong div --5047--101103178292--https://bj.lianjia.com/chengjiao/101103178292.html
2019-01-17 20:24:37,555 crawlerallshequdeal2.py [line:227] wendao INFO wrong div --6441--101103309838--https://bj.lianjia.com/chengjiao/101103309838.html
2019-01-17 20:24:39,244 crawlerallshequdeal2.py [line:227] wendao INFO wrong div --10716--101102591009--https://bj.lianjia.com/chengjiao/101102591009.html
2019-01-17 20:32:24,921 crawlerallshequdeal2.py [line:227] wendao INFO wrong div --1781--101100616367--https://bj.lianjia.com/chengjiao/101100616367.html
2019-01-17 20:32:26,618 crawlerallshequdeal2.py [line:227] wendao INFO wrong div --2725--101103243417--https://bj.lianjia.com/chengjiao/101103243417.html
2019-01-17 20:32:27,387 crawlerallshequdeal2.py [line:227] wendao INFO wrong div --5047--101103178292--https://bj.lianjia.com/chengjiao/101103178292.html
2019-01-17 20:32:27,946 crawlerallshequdeal2.py [line:227] wendao INFO wrong div --6441--101103309838--https://bj.lianjia.com/chengjiao/101103309838.html
2019-01-17 20:32:29,037 crawlerallshequdeal2.py [line:227] wendao INFO wrong div --10716--101102591009--https://bj.lianjia.com/chengjiao/101102591009.html
2019-01-18 08:13:37,778 crawlerallshequdeal2.py [line:227] wendao INFO wrong div --24627--101103586909--https://bj.lianjia.com/chengjiao/101103586909.html
2019-01-18 09:31:07,333 crawlerallshequdeal2.py [line:227] wendao INFO wrong div --25803--101103145481--https://bj.lianjia.com/chengjiao/101103145481.html
2019-01-18 09:39:55,908 crawlerallshequdeal2.py [line:227] wendao INFO wrong div --26593--101103760927--https://bj.lianjia.com/chengjiao/101103760927.html
2019-01-18 09:41:22,187 crawlerallshequdeal2.py [line:227] wendao INFO wrong div --26725--101102827884--https://bj.lianjia.com/chengjiao/101102827884.html
2019-01-18 09:59:57,911 crawlerallshequdeal2.py [line:227] wendao INFO wrong div --28391--101091794750--https://bj.lianjia.com/chengjiao/101091794750.html
2019-01-18 10:14:59,162 crawlerallshequdeal2.py [line:227] wendao INFO wrong div --29611--101100563200--https://bj.lianjia.com/chengjiao/101100563200.html
2019-01-18 10:28:56,832 crawlerallshequdeal2.py [line:227] wendao INFO wrong div --30892--101103814778--https://bj.lianjia.com/chengjiao/101103814778.html
2019-01-18 10:31:15,604 crawlerallshequdeal2.py [line:227] wendao INFO wrong div --31090--101103306269--https://bj.lianjia.com/chengjiao/101103306269.html
2019-01-18 10:54:42,379 crawlerallshequdeal2.py [line:227] wendao INFO wrong div --33031--101103760122--https://bj.lianjia.com/chengjiao/101103760122.html
2019-01-18 11:39:08,717 crawlerallshequdeal2.py [line:227] wendao INFO wrong div --36867--101102604635--https://bj.lianjia.com/chengjiao/101102604635.html
2019-01-18 12:21:36,646 crawlerallshequdeal2.py [line:227] wendao INFO wrong div --40738--BJCY91929152--https://bj.lianjia.com/chengjiao/BJCY91929152.html
2019-01-18 13:16:47,277 crawlerallshequdeal2.py [line:227] wendao INFO wrong div --46323--101103335306--https://bj.lianjia.com/chengjiao/101103335306.html
2019-01-18 14:55:02,916 crawlerallshequdeal2.py [line:227] wendao INFO wrong div --54924--101102702630--https://bj.lianjia.com/chengjiao/101102702630.html
2019-01-18 15:29:21,497 crawlerallshequdeal2.py [line:227] wendao INFO wrong div --57674--BJCY85146871--https://bj.lianjia.com/chengjiao/BJCY85146871.html
2019-01-18 16:06:46,294 crawlerallshequdeal2.py [line:227] wendao INFO wrong div --61168--BJCY90155645--https://bj.lianjia.com/chengjiao/BJCY90155645.html
2019-01-18 19:37:52,560 crawlerallshequdeal2.py [line:227] wendao INFO wrong div --67367--101102926192--https://bj.lianjia.com/chengjiao/101102926192.html
2019-01-18 19:58:59,951 crawlerallshequdeal2.py [line:227] wendao INFO wrong div --69413--101102995999--https://bj.lianjia.com/chengjiao/101102995999.html
2019-01-18 19:59:10,626 crawlerallshequdeal2.py [line:227] wendao INFO wrong div --69428--101102611135--https://bj.lianjia.com/chengjiao/101102611135.html
2019-01-18 20:26:14,077 crawlerallshequdeal2.py [line:227] wendao INFO wrong div --71769--101103154395--https://bj.lianjia.com/chengjiao/101103154395.html
2019-01-18 21:02:47,334 crawlerallshequdeal2.py [line:227] wendao INFO wrong div --74922--101102916371--https://bj.lianjia.com/chengjiao/101102916371.html
2019-01-18 21:09:59,755 crawlerallshequdeal2.py [line:227] wendao INFO wrong div --75618--101103113287--https://bj.lianjia.com/chengjiao/101103113287.html
2019-01-18 21:16:19,245 crawlerallshequdeal2.py [line:227] wendao INFO wrong div --76226--101103340368--https://bj.lianjia.com/chengjiao/101103340368.html
2019-01-18 22:07:30,148 crawlerallshequdeal2.py [line:227] wendao INFO wrong div --81183--101102410489--https://bj.lianjia.com/chengjiao/101102410489.html
2019-01-18 22:42:25,415 crawlerallshequdeal2.py [line:227] wendao INFO wrong div --84595--101102869031--https://bj.lianjia.com/chengjiao/101102869031.html
2019-01-18 22:43:28,779 crawlerallshequdeal2.py [line:227] wendao INFO wrong div --84695--101103566546--https://bj.lianjia.com/chengjiao/101103566546.html
2019-01-19 09:53:11,516 crawleralllib.py [line:287] wendao INFO save a complete record in Alldata!
2019-01-19 09:53:53,744 crawleralllib.py [line:267] wendao WARNING 数据日期已经存在,不更新Alldata数据库！
2019-01-19 11:19:55,308 crawlerallshequdeal2.py [line:227] wendao INFO wrong div --97795--101101154297--https://bj.lianjia.com/chengjiao/101101154297.html
2019-01-19 11:19:57,497 crawlerallshequdeal2.py [line:227] wendao INFO wrong div --97797--101100734294--https://bj.lianjia.com/chengjiao/101100734294.html
2019-01-19 11:22:15,282 crawlerallshequdeal2.py [line:227] wendao INFO wrong div --98001--101103656282--https://bj.lianjia.com/chengjiao/101103656282.html
2019-01-19 11:48:50,677 crawlerallshequdeal2.py [line:219] wendao INFO wrong request--100406--101102955969--https://bj.lianjia.com/chengjiao/101102955969.html
2019-01-19 12:05:15,279 crawlerallshequdeal2.py [line:227] wendao INFO wrong div --101667--101103405624--https://bj.lianjia.com/chengjiao/101103405624.html
2019-01-19 12:13:27,700 crawlerallshequdeal2.py [line:219] wendao INFO wrong request--102363--101100505213--https://bj.lianjia.com/chengjiao/101100505213.html
2019-01-19 12:20:43,021 crawlerallshequdeal2.py [line:219] wendao INFO wrong request--102906--101100721254--https://bj.lianjia.com/chengjiao/101100721254.html
2019-01-19 12:27:14,410 crawlerallshequdeal2.py [line:219] wendao INFO wrong request--103473--101101175222--https://bj.lianjia.com/chengjiao/101101175222.html
2019-01-19 12:44:51,979 crawlerallshequdeal2.py [line:219] wendao INFO wrong request--104991--101102654492--https://bj.lianjia.com/chengjiao/101102654492.html
2019-01-19 12:51:55,104 crawlerallshequdeal2.py [line:219] wendao INFO wrong request--105594--BJCY84950742--https://bj.lianjia.com/chengjiao/BJCY84950742.html
2019-01-19 13:55:05,832 crawlerallshequdeal2.py [line:227] wendao INFO wrong div --111558--101101694057--https://bj.lianjia.com/chengjiao/101101694057.html
2019-01-19 14:48:27,558 crawlerallshequdeal2.py [line:227] wendao INFO wrong div --116559--101103133325--https://bj.lianjia.com/chengjiao/101103133325.html
2019-01-19 15:10:51,054 crawlerallshequdeal2.py [line:219] wendao INFO wrong request--118613--101100792544--https://bj.lianjia.com/chengjiao/101100792544.html
2019-01-19 16:33:48,186 crawlerallshequdeal2.py [line:227] wendao INFO wrong div --126367--101101256310--https://bj.lianjia.com/chengjiao/101101256310.html
2019-01-19 17:03:08,189 crawlerallshequdeal2.py [line:227] wendao INFO wrong div --128708--101101542389--https://bj.lianjia.com/chengjiao/101101542389.html
2019-01-19 18:13:17,698 crawlerallshequdeal2.py [line:227] wendao INFO wrong div --134933--101103854938--https://bj.lianjia.com/chengjiao/101103854938.html
2019-01-19 21:27:47,001 crawlerallshequdeal2.py [line:227] wendao INFO wrong div --145407--101102882697--https://bj.lianjia.com/chengjiao/101102882697.html
2019-01-19 22:03:27,596 crawlerallshequdeal2.py [line:227] wendao INFO wrong div --145407--101102882697--https://bj.lianjia.com/chengjiao/101102882697.html
2019-01-19 23:37:52,489 crawlerallshequdeal2.py [line:227] wendao INFO wrong div --150289--101103362850--https://bj.lianjia.com/chengjiao/101103362850.html
2019-01-20 08:50:40,661 crawlerallshequdeal2.py [line:227] wendao INFO wrong div --155880--101103519667--https://bj.lianjia.com/chengjiao/101103519667.html
2019-01-20 09:04:57,031 crawleralllib.py [line:287] wendao INFO save a complete record in Alldata!
2019-01-20 09:09:30,580 crawleralllib.py [line:267] wendao WARNING 数据日期已经存在,不更新Alldata数据库！
2019-01-20 10:28:13,982 crawlerallshequdeal2.py [line:227] wendao INFO wrong div --169445--101103041353--https://bj.lianjia.com/chengjiao/101103041353.html
2019-01-20 10:38:27,089 crawlerallshequdeal2.py [line:227] wendao INFO wrong div --170544--101102919438--https://bj.lianjia.com/chengjiao/101102919438.html
2019-01-20 11:04:06,110 crawlerallshequdeal2.py [line:227] wendao INFO wrong div --173364--101103108277--https://bj.lianjia.com/chengjiao/101103108277.html
2019-01-20 11:27:04,971 crawlerallshequdeal2.py [line:227] wendao INFO wrong div --175887--101103707222--https://bj.lianjia.com/chengjiao/101103707222.html
2019-01-20 12:16:13,219 crawlerallshequdeal2.py [line:227] wendao INFO wrong div --181439--101103812121--https://bj.lianjia.com/chengjiao/101103812121.html
2019-01-20 14:24:27,422 crawlerallshequdeal2.py [line:227] wendao INFO wrong div --195700--101101732479--https://bj.lianjia.com/chengjiao/101101732479.html
2019-01-20 14:31:57,962 crawlerallshequdeal2.py [line:219] wendao INFO wrong request--196532--BJSJ84171506--https://bj.lianjia.com/chengjiao/BJSJ84171506.html
2019-01-20 17:58:48,937 crawlerallshequdeal2.py [line:227] wendao INFO wrong div --213549--101103052797--https://bj.lianjia.com/chengjiao/101103052797.html
2019-01-20 18:14:04,670 crawlerallshequdeal2.py [line:227] wendao INFO wrong div --215272--BJTJ85012429--https://bj.lianjia.com/chengjiao/BJTJ85012429.html
2019-01-20 19:31:43,040 crawlerallshequdeal2.py [line:227] wendao INFO wrong div --222496--101102906453--https://bj.lianjia.com/chengjiao/101102906453.html
2019-01-20 20:02:17,638 crawlerallshequdeal2.py [line:227] wendao INFO wrong div --225719--101102785412--https://bj.lianjia.com/chengjiao/101102785412.html
2019-01-21 08:29:58,577 crawleralllib.py [line:287] wendao INFO save a complete record in Alldata!
2019-01-21 09:38:29,792 crawlerallshequdeal2.py [line:227] wendao INFO wrong div --244908--BJCP91641578--https://bj.lianjia.com/chengjiao/BJCP91641578.html
2019-01-21 12:00:50,537 crawlerallshequdeal2.py [line:227] wendao INFO wrong div --260471--101103551909--https://bj.lianjia.com/chengjiao/101103551909.html
2019-01-21 12:31:40,886 crawlerallshequdeal2.py [line:227] wendao INFO wrong div --263834--101103742664--https://bj.lianjia.com/chengjiao/101103742664.html
2019-01-21 15:34:34,595 crawlerallshequdeal2.py [line:219] wendao INFO wrong request--283943--BJDX00421158--https://bj.lianjia.com/chengjiao/BJDX00421158.html
2019-01-21 16:50:06,223 crawlerallshequdeal2.py [line:227] wendao INFO wrong div --291864--101102328353--https://bj.lianjia.com/chengjiao/101102328353.html
2019-01-21 18:01:08,411 crawlerallshequdeal2.py [line:219] wendao INFO wrong request--299457--101102646581--https://bj.lianjia.com/chengjiao/101102646581.html
2019-01-21 19:46:54,160 crawlerallshequdeal2.py [line:227] wendao INFO wrong div --305319--101102985943--https://bj.lianjia.com/chengjiao/101102985943.html
2019-01-21 22:28:08,981 crawlerallshequdeal2.py [line:227] wendao INFO wrong div --323847--101102303279--https://bj.lianjia.com/chengjiao/101102303279.html
2019-01-21 23:07:34,571 crawlerallshequdeal2.py [line:227] wendao INFO wrong div --327672--101102729269--https://bj.lianjia.com/chengjiao/101102729269.html
2019-01-22 09:44:49,894 crawleralllib.py [line:287] wendao INFO save a complete record in Alldata!
2019-01-22 16:40:58,888 views.py [line:271] wendao INFO houseid in session is
2019-01-22 16:41:03,354 views.py [line:328] wendao INFO houseid in POST is101101982696
2019-01-22 16:41:03,698 views.py [line:271] wendao INFO houseid in session is101101982696
2019-01-22 16:42:08,374 views.py [line:328] wendao INFO houseid in POST is101103290630
2019-01-22 16:42:08,487 views.py [line:271] wendao INFO houseid in session is101103290630
2019-01-22 17:40:16,665 views.py [line:339] wendao INFO houseid in POST is101101982696
2019-01-22 17:40:37,248 views.py [line:271] wendao INFO houseid in session is101101982696
2019-01-22 17:41:31,975 views.py [line:271] wendao INFO houseid in session is101101982696
2019-01-22 17:42:20,213 views.py [line:271] wendao INFO houseid in session is101101982696
2019-01-22 17:43:06,171 views.py [line:271] wendao INFO houseid in session is101101982696
2019-01-22 17:43:37,736 views.py [line:271] wendao INFO houseid in session is101101982696
2019-01-22 19:34:27,129 views.py [line:271] wendao INFO houseid in session is
2019-01-22 19:34:31,576 views.py [line:339] wendao INFO houseid in POST is101102968065
2019-01-22 19:34:31,621 views.py [line:271] wendao INFO houseid in session is101102968065
2019-01-22 19:34:46,026 views.py [line:339] wendao INFO houseid in POST is101101982696
2019-01-22 19:34:46,073 views.py [line:271] wendao INFO houseid in session is101101982696
2019-01-22 19:47:08,314 views.py [line:271] wendao INFO houseid in session is
2019-01-22 19:47:19,334 views.py [line:339] wendao INFO houseid in POST is101102968065
2019-01-22 19:47:19,377 views.py [line:271] wendao INFO houseid in session is101102968065
2019-01-22 19:47:29,453 views.py [line:339] wendao INFO houseid in POST is101101982696
2019-01-22 19:47:29,741 views.py [line:271] wendao INFO houseid in session is101101982696
2019-01-22 19:48:04,226 views.py [line:271] wendao INFO houseid in session is101101982696
2019-01-22 19:48:24,568 views.py [line:339] wendao INFO houseid in POST is101102968065
2019-01-22 19:48:24,615 views.py [line:271] wendao INFO houseid in session is101102968065
2019-01-22 19:48:36,937 views.py [line:339] wendao INFO houseid in POST is101102502626
2019-01-22 19:48:36,981 views.py [line:271] wendao INFO houseid in session is101102502626
2019-01-22 19:50:15,550 views.py [line:339] wendao INFO houseid in POST is101102968065
2019-01-22 19:50:15,602 views.py [line:271] wendao INFO houseid in session is101102968065
2019-01-22 19:55:55,792 views.py [line:271] wendao INFO houseid in session is
2019-01-22 19:55:58,353 views.py [line:340] wendao INFO houseid in POST is101102968065
2019-01-22 19:55:58,398 views.py [line:271] wendao INFO houseid in session is101102968065
2019-01-22 19:56:20,139 views.py [line:340] wendao INFO houseid in POST is101101982696
2019-01-22 19:56:20,188 views.py [line:271] wendao INFO houseid in session is101101982696
2019-01-22 19:56:29,785 views.py [line:340] wendao INFO houseid in POST is101102502626
2019-01-22 19:56:30,081 views.py [line:271] wendao INFO houseid in session is101102502626
2019-01-22 19:57:16,605 views.py [line:340] wendao INFO houseid in POST is101103461750
2019-01-22 19:57:16,677 views.py [line:271] wendao INFO houseid in session is101103461750
2019-01-22 19:57:23,129 views.py [line:340] wendao INFO houseid in POST is101101676457
2019-01-22 19:57:23,418 views.py [line:271] wendao INFO houseid in session is101101676457
2019-01-22 19:57:47,844 views.py [line:340] wendao INFO houseid in POST is101102883519
2019-01-22 19:57:47,904 views.py [line:271] wendao INFO houseid in session is101102883519
2019-01-22 20:01:08,596 views.py [line:271] wendao INFO houseid in session is101102883519
2019-01-22 20:01:33,095 views.py [line:271] wendao INFO houseid in session is101102883519
2019-01-22 20:14:56,177 views.py [line:343] wendao INFO houseid in POST is101102968065
2019-01-22 20:14:56,259 views.py [line:271] wendao INFO houseid in session is101102968065
2019-01-22 20:16:19,419 views.py [line:343] wendao INFO houseid in POST is101103461750
2019-01-22 20:16:19,467 views.py [line:271] wendao INFO houseid in session is101103461750
2019-01-22 20:16:31,148 views.py [line:343] wendao INFO houseid in POST is101101676457
2019-01-22 20:16:31,188 views.py [line:271] wendao INFO houseid in session is101101676457
2019-01-22 20:16:36,801 views.py [line:343] wendao INFO houseid in POST is101102968065
2019-01-22 20:16:37,091 views.py [line:271] wendao INFO houseid in session is101102968065
2019-01-22 20:16:41,836 views.py [line:343] wendao INFO houseid in POST is101101982696
2019-01-22 20:16:41,894 views.py [line:271] wendao INFO houseid in session is101101982696
2019-01-22 20:16:51,025 views.py [line:343] wendao INFO houseid in POST is101102502626
2019-01-22 20:16:51,310 views.py [line:271] wendao INFO houseid in session is101102502626
2019-01-22 20:16:51,778 views.py [line:343] wendao INFO houseid in POST is101102502626
2019-01-22 20:16:56,178 views.py [line:343] wendao INFO houseid in POST is101102502626
2019-01-22 20:16:56,477 views.py [line:271] wendao INFO houseid in session is101102502626
2019-01-22 20:16:56,828 views.py [line:271] wendao INFO houseid in session is101102502626
2019-01-22 20:19:18,298 views.py [line:343] wendao INFO houseid in POST is101100886663
2019-01-22 20:19:18,360 views.py [line:271] wendao INFO houseid in session is101100886663
2019-01-22 20:25:10,199 views.py [line:271] wendao INFO houseid in session is
2019-01-22 20:26:32,003 views.py [line:271] wendao INFO houseid in session is
2019-01-22 20:26:41,014 views.py [line:343] wendao INFO houseid in POST is101102968065
2019-01-22 20:26:41,055 views.py [line:271] wendao INFO houseid in session is101102968065
2019-01-22 20:27:18,987 views.py [line:343] wendao INFO houseid in POST is101102336138
2019-01-22 20:27:19,046 views.py [line:271] wendao INFO houseid in session is101102336138
2019-01-22 20:28:21,608 views.py [line:343] wendao INFO houseid in POST is101103154506
2019-01-22 20:28:21,915 views.py [line:271] wendao INFO houseid in session is101103154506
2019-01-22 20:28:37,951 views.py [line:343] wendao INFO houseid in POST is北京新天地
2019-01-22 20:28:38,000 views.py [line:271] wendao INFO houseid in session is北京新天地
2019-01-22 20:30:39,511 views.py [line:343] wendao INFO houseid in POST is101103569220
2019-01-22 20:30:39,554 views.py [line:271] wendao INFO houseid in session is101103569220
2019-01-22 20:32:12,955 views.py [line:343] wendao INFO houseid in POST is中海枫涟山庄
2019-01-22 20:32:13,000 views.py [line:271] wendao INFO houseid in session is中海枫涟山庄
2019-01-22 20:32:22,365 views.py [line:271] wendao INFO houseid in session is中海枫涟山庄
2019-01-22 20:32:53,200 views.py [line:271] wendao INFO houseid in session is中海枫涟山庄
2019-01-22 20:33:20,590 views.py [line:343] wendao INFO houseid in POST is101103136373
2019-01-22 20:33:20,628 views.py [line:271] wendao INFO houseid in session is101103136373
2019-01-22 20:33:56,563 views.py [line:343] wendao INFO houseid in POST is3431412
2019-01-22 20:33:56,604 views.py [line:271] wendao INFO houseid in session is3431412
2019-01-22 20:35:11,728 views.py [line:271] wendao INFO houseid in session is3431412
2019-01-22 20:40:57,942 views.py [line:271] wendao INFO houseid in session is
2019-01-22 20:41:00,534 views.py [line:343] wendao INFO houseid in POST is3431412
2019-01-22 20:41:00,831 views.py [line:271] wendao INFO houseid in session is3431412
2019-01-22 20:41:12,678 views.py [line:343] wendao INFO houseid in POST is中海枫涟山庄
2019-01-22 20:41:12,730 views.py [line:271] wendao INFO houseid in session is中海枫涟山庄
2019-01-23 10:15:27,026 crawleralllib.py [line:287] wendao INFO save a complete record in Alldata!
2019-01-24 08:58:24,699 crawleralllib.py [line:287] wendao INFO save a complete record in Alldata!
2019-01-24 09:42:59,711 views.py [line:271] wendao INFO houseid in session is
2019-01-24 09:46:26,402 views.py [line:271] wendao INFO houseid in session is
2019-01-24 09:49:10,268 views.py [line:343] wendao INFO houseid in POST is101102968065
2019-01-24 09:49:10,343 views.py [line:271] wendao INFO houseid in session is101102968065
2019-01-24 10:06:52,236 views.py [line:271] wendao INFO houseid in session is
2019-01-24 10:07:34,129 views.py [line:343] wendao INFO houseid in POST is101102968065
2019-01-24 10:07:34,188 views.py [line:271] wendao INFO houseid in session is101102968065
2019-01-24 10:07:52,633 views.py [line:343] wendao INFO houseid in POST is101101982696
2019-01-24 10:07:52,679 views.py [line:271] wendao INFO houseid in session is101101982696
2019-01-24 10:08:13,755 views.py [line:343] wendao INFO houseid in POST is101103181014
2019-01-24 10:08:13,806 views.py [line:271] wendao INFO houseid in session is101103181014
2019-01-24 15:11:11,280 views.py [line:343] wendao INFO houseid in POST is101102021949
2019-01-24 15:11:11,336 views.py [line:271] wendao INFO houseid in session is101102021949
2019-01-24 15:14:33,500 views.py [line:343] wendao INFO houseid in POST is101103652475
2019-01-24 15:14:33,538 views.py [line:271] wendao INFO houseid in session is101103652475
2019-01-25 09:16:55,672 crawleralllib.py [line:287] wendao INFO save a complete record in Alldata!
2019-01-25 09:49:08,013 views.py [line:354] wendao INFO houseid in POST is101102021949
2019-01-25 09:49:08,363 views.py [line:274] wendao INFO houseid in session is101102021949
2019-01-25 09:50:16,061 views.py [line:354] wendao INFO houseid in POST is101102724213
2019-01-25 09:50:16,129 views.py [line:274] wendao INFO houseid in session is101102724213
2019-01-26 08:19:42,976 crawleralllib.py [line:287] wendao INFO save a complete record in Alldata!
2019-01-27 09:24:57,247 crawleralllib.py [line:287] wendao INFO save a complete record in Alldata!
2019-01-28 08:24:27,613 crawleralllib.py [line:287] wendao INFO save a complete record in Alldata!
2019-01-29 10:08:36,206 crawleralllib.py [line:287] wendao INFO save a complete record in Alldata!
2019-01-29 11:36:11,108 views.py [line:276] wendao INFO houseid in session is
2019-01-30 09:23:25,050 crawleralllib.py [line:287] wendao INFO save a complete record in Alldata!
